2018-06-29 11:14:13,438 [django.request:93] [base:get_response] [WARNING]- Not Found: /
2018-06-29 11:14:32,678 [HttpRunnerManager:45] [views:login] [INFO]- yinquanwang µÇÂ¼³É¹¦
2018-06-29 11:14:33,058 [django.request:93] [base:get_response] [WARNING]- Not Found: /static/assets/js/commons.js
2018-06-29 11:14:33,499 [django.request:93] [base:get_response] [WARNING]- Not Found: /static/assets/js/commons.js
2018-06-29 11:14:58,797 [HttpRunnerManager:45] [views:login] [INFO]- yinquanwang µÇÂ¼³É¹¦
2018-06-29 11:48:11,403 [HttpRunnerManager:151] [operation:add_case_data] [INFO]- µÄÓÃÀıÌí¼Ó³É¹¦: {'test': {'request': {'method': 'POST', 'url': ''}, 'name': 'µÄ'}}
2018-06-29 11:48:48,076 [HttpRunnerManager:45] [views:login] [INFO]- yinquanwang µÇÂ¼³É¹¦
2018-07-02 13:34:18,047 [django.request:93] [base:get_response] [WARNING]- Not Found: /static/assets/css/css-index.css
2018-07-02 13:34:18,057 [django.request:93] [base:get_response] [WARNING]- Not Found: /static/assets/img/logo.png
2018-07-02 13:34:18,268 [django.request:93] [base:get_response] [WARNING]- Not Found: /static/assets/js/custom.js
2018-07-02 13:34:18,270 [django.request:93] [base:get_response] [WARNING]- Not Found: /static/assets/js/jquery.sticky.js
2018-07-02 13:34:18,276 [django.request:93] [base:get_response] [WARNING]- Not Found: /static/assets/js/wow.min.js
2018-07-02 13:34:18,278 [django.request:93] [base:get_response] [WARNING]- Not Found: /static/assets/js/owl.carousel.min.js
2018-07-02 13:34:18,296 [django.request:93] [base:get_response] [WARNING]- Not Found: /static/assets/img/bg.jpg
2018-07-02 13:34:18,299 [django.request:93] [base:get_response] [WARNING]- Not Found: /static/assets/img/loading.GIF
2018-07-02 13:34:18,352 [django.request:93] [base:get_response] [WARNING]- Not Found: /static/assets/js/custom.js
2018-07-02 13:34:18,364 [django.request:93] [base:get_response] [WARNING]- Not Found: /static/assets/js/jquery.sticky.js
2018-07-02 13:34:18,370 [django.request:93] [base:get_response] [WARNING]- Not Found: /static/assets/js/wow.min.js
2018-07-02 13:34:18,383 [django.request:93] [base:get_response] [WARNING]- Not Found: /static/assets/js/owl.carousel.min.js
2018-07-02 13:34:18,578 [django.request:93] [base:get_response] [WARNING]- Not Found: /static/assets/img/favicon.ico
2018-07-02 13:34:21,442 [django.request:93] [base:get_response] [WARNING]- Not Found: /static/assets/css/css-index.css
2018-07-02 13:34:21,445 [django.request:93] [base:get_response] [WARNING]- Not Found: /static/assets/js/custom.js
2018-07-02 13:34:21,449 [django.request:93] [base:get_response] [WARNING]- Not Found: /static/assets/img/logo.png
2018-07-02 13:34:21,484 [django.request:93] [base:get_response] [WARNING]- Not Found: /static/assets/js/jquery.sticky.js
2018-07-02 13:34:21,487 [django.request:93] [base:get_response] [WARNING]- Not Found: /static/assets/js/wow.min.js
2018-07-02 13:34:21,492 [django.request:93] [base:get_response] [WARNING]- Not Found: /static/assets/js/owl.carousel.min.js
2018-07-02 13:34:21,508 [django.request:93] [base:get_response] [WARNING]- Not Found: /static/assets/js/custom.js
2018-07-02 13:34:21,516 [django.request:93] [base:get_response] [WARNING]- Not Found: /static/assets/img/bg.jpg
2018-07-02 13:34:21,519 [django.request:93] [base:get_response] [WARNING]- Not Found: /static/assets/img/loading.GIF
2018-07-02 13:34:21,531 [django.request:93] [base:get_response] [WARNING]- Not Found: /static/assets/js/jquery.sticky.js
2018-07-02 13:34:21,540 [django.request:93] [base:get_response] [WARNING]- Not Found: /static/assets/js/wow.min.js
2018-07-02 13:34:21,545 [django.request:93] [base:get_response] [WARNING]- Not Found: /static/assets/js/owl.carousel.min.js
2018-07-02 13:34:22,424 [django.request:93] [base:get_response] [WARNING]- Not Found: /static/assets/css/css-index.css
2018-07-02 13:34:22,426 [django.request:93] [base:get_response] [WARNING]- Not Found: /static/assets/img/logo.png
2018-07-02 13:34:22,429 [django.request:93] [base:get_response] [WARNING]- Not Found: /static/assets/js/custom.js
2018-07-02 13:34:22,465 [django.request:93] [base:get_response] [WARNING]- Not Found: /static/assets/js/jquery.sticky.js
2018-07-02 13:34:22,466 [django.request:93] [base:get_response] [WARNING]- Not Found: /static/assets/js/wow.min.js
2018-07-02 13:34:22,468 [django.request:93] [base:get_response] [WARNING]- Not Found: /static/assets/js/owl.carousel.min.js
2018-07-02 13:34:22,480 [django.request:93] [base:get_response] [WARNING]- Not Found: /static/assets/js/custom.js
2018-07-02 13:34:22,483 [django.request:93] [base:get_response] [WARNING]- Not Found: /static/assets/img/bg.jpg
2018-07-02 13:34:22,490 [django.request:93] [base:get_response] [WARNING]- Not Found: /static/assets/img/loading.GIF
2018-07-02 13:34:22,498 [django.request:93] [base:get_response] [WARNING]- Not Found: /static/assets/js/jquery.sticky.js
2018-07-02 13:34:22,506 [django.request:93] [base:get_response] [WARNING]- Not Found: /static/assets/js/wow.min.js
2018-07-02 13:34:22,509 [django.request:93] [base:get_response] [WARNING]- Not Found: /static/assets/js/owl.carousel.min.js
2018-07-02 13:35:30,488 [HttpRunnerManager:45] [views:login] [INFO]- yinquanwang µÇÂ¼³É¹¦
2018-07-02 13:48:28,352 [HttpRunnerManager:45] [views:login] [INFO]- yinquanwang µÇÂ¼³É¹¦
2018-07-02 13:53:41,984 [django.request:118] [exception:handle_uncaught_exception] [ERROR]- Internal Server Error: /api/test_list/1/
Traceback (most recent call last):
  File "E:\Python35\lib\site-packages\django\core\handlers\exception.py", line 35, in inner
    response = get_response(request)
  File "E:\Python35\lib\site-packages\django\core\handlers\base.py", line 128, in _get_response
    response = self.process_exception_by_middleware(e, request)
  File "E:\Python35\lib\site-packages\django\core\handlers\base.py", line 126, in _get_response
    response = wrapped_callback(request, *callback_args, **callback_kwargs)
  File "D:/HttpRunnerManager\HttpRunnerManager\activator.py", line 15, in process
    result = fun(request, index) if index else fun(request)
  File "D:/HttpRunnerManager\ApiManager\views.py", line 379, in test_list
    filter_query = set_filter_session(request)
  File "D:/HttpRunnerManager\ApiManager\utils\common.py", line 439, in set_filter_session
    'belong_project': request.session['project'],
  File "E:\Python35\lib\site-packages\django\contrib\sessions\backends\base.py", line 55, in __getitem__
    return self._session[key]
KeyError: 'project'
2018-07-02 13:53:49,147 [django.request:118] [exception:handle_uncaught_exception] [ERROR]- Internal Server Error: /api/test_list/1/
Traceback (most recent call last):
  File "E:\Python35\lib\site-packages\django\core\handlers\exception.py", line 35, in inner
    response = get_response(request)
  File "E:\Python35\lib\site-packages\django\core\handlers\base.py", line 128, in _get_response
    response = self.process_exception_by_middleware(e, request)
  File "E:\Python35\lib\site-packages\django\core\handlers\base.py", line 126, in _get_response
    response = wrapped_callback(request, *callback_args, **callback_kwargs)
  File "D:/HttpRunnerManager\HttpRunnerManager\activator.py", line 15, in process
    result = fun(request, index) if index else fun(request)
  File "D:/HttpRunnerManager\ApiManager\views.py", line 379, in test_list
    filter_query = set_filter_session(request)
  File "D:/HttpRunnerManager\ApiManager\utils\common.py", line 439, in set_filter_session
    'belong_project': request.session['project'],
  File "E:\Python35\lib\site-packages\django\contrib\sessions\backends\base.py", line 55, in __getitem__
    return self._session[key]
KeyError: 'project'
2018-07-02 13:54:04,117 [HttpRunnerManager:78] [views:log_out] [INFO]- yinquanwangÍË³ö
2018-07-02 13:54:07,459 [HttpRunnerManager:45] [views:login] [INFO]- yinquanwang µÇÂ¼³É¹¦
2018-07-02 13:57:09,661 [HttpRunnerManager:78] [views:log_out] [INFO]- yinquanwangÍË³ö
2018-07-02 13:57:11,824 [HttpRunnerManager:45] [views:login] [INFO]- yinquanwang µÇÂ¼³É¹¦
2018-07-02 14:04:39,039 [HttpRunnerManager:78] [views:log_out] [INFO]- yinquanwangÍË³ö
2018-07-02 14:04:44,830 [HttpRunnerManager:45] [views:login] [INFO]- yinquanwang µÇÂ¼³É¹¦
2018-07-02 14:04:54,650 [django.request:118] [exception:handle_uncaught_exception] [ERROR]- Internal Server Error: /api/test_list/1/
Traceback (most recent call last):
  File "E:\Python35\lib\site-packages\django\core\handlers\exception.py", line 35, in inner
    response = get_response(request)
  File "E:\Python35\lib\site-packages\django\core\handlers\base.py", line 128, in _get_response
    response = self.process_exception_by_middleware(e, request)
  File "E:\Python35\lib\site-packages\django\core\handlers\base.py", line 126, in _get_response
    response = wrapped_callback(request, *callback_args, **callback_kwargs)
  File "D:\HttpRunnerManager\HttpRunnerManager\activator.py", line 15, in process
    result = fun(request, index) if index else fun(request)
  File "D:\HttpRunnerManager\ApiManager\views.py", line 379, in test_list
    filter_query = set_filter_session(request)
  File "D:\HttpRunnerManager\ApiManager\utils\common.py", line 432, in set_filter_session
    request.session['module'] = ModuleInfo.objects.get(id=request.POST.get('module')).module_name
  File "E:\Python35\lib\site-packages\django\db\models\manager.py", line 82, in manager_method
    return getattr(self.get_queryset(), name)(*args, **kwargs)
  File "E:\Python35\lib\site-packages\django\db\models\query.py", line 394, in get
    clone = self.filter(*args, **kwargs)
  File "E:\Python35\lib\site-packages\django\db\models\query.py", line 836, in filter
    return self._filter_or_exclude(False, *args, **kwargs)
  File "E:\Python35\lib\site-packages\django\db\models\query.py", line 854, in _filter_or_exclude
    clone.query.add_q(Q(*args, **kwargs))
  File "E:\Python35\lib\site-packages\django\db\models\sql\query.py", line 1253, in add_q
    clause, _ = self._add_q(q_object, self.used_aliases)
  File "E:\Python35\lib\site-packages\django\db\models\sql\query.py", line 1277, in _add_q
    split_subq=split_subq,
  File "E:\Python35\lib\site-packages\django\db\models\sql\query.py", line 1215, in build_filter
    condition = self.build_lookup(lookups, col, value)
  File "E:\Python35\lib\site-packages\django\db\models\sql\query.py", line 1085, in build_lookup
    lookup = lookup_class(lhs, rhs)
  File "E:\Python35\lib\site-packages\django\db\models\lookups.py", line 18, in __init__
    self.rhs = self.get_prep_lookup()
  File "E:\Python35\lib\site-packages\django\db\models\lookups.py", line 68, in get_prep_lookup
    return self.lhs.output_field.get_prep_value(self.rhs)
  File "E:\Python35\lib\site-packages\django\db\models\fields\__init__.py", line 947, in get_prep_value
    return int(value)
ValueError: invalid literal for int() with base 10: ''
2018-07-02 14:06:02,565 [django.request:118] [exception:handle_uncaught_exception] [ERROR]- Internal Server Error: /api/config_list/1/
Traceback (most recent call last):
  File "E:\Python35\lib\site-packages\django\core\handlers\exception.py", line 35, in inner
    response = get_response(request)
  File "E:\Python35\lib\site-packages\django\core\handlers\base.py", line 128, in _get_response
    response = self.process_exception_by_middleware(e, request)
  File "E:\Python35\lib\site-packages\django\core\handlers\base.py", line 126, in _get_response
    response = wrapped_callback(request, *callback_args, **callback_kwargs)
  File "D:\HttpRunnerManager\HttpRunnerManager\activator.py", line 15, in process
    result = fun(request, index) if index else fun(request)
  File "D:\HttpRunnerManager\ApiManager\views.py", line 413, in config_list
    filter_query = set_filter_session(request)
  File "D:\HttpRunnerManager\ApiManager\utils\common.py", line 432, in set_filter_session
    request.session['module'] = ModuleInfo.objects.get(id=request.POST.get('module')).module_name
  File "E:\Python35\lib\site-packages\django\db\models\manager.py", line 82, in manager_method
    return getattr(self.get_queryset(), name)(*args, **kwargs)
  File "E:\Python35\lib\site-packages\django\db\models\query.py", line 394, in get
    clone = self.filter(*args, **kwargs)
  File "E:\Python35\lib\site-packages\django\db\models\query.py", line 836, in filter
    return self._filter_or_exclude(False, *args, **kwargs)
  File "E:\Python35\lib\site-packages\django\db\models\query.py", line 854, in _filter_or_exclude
    clone.query.add_q(Q(*args, **kwargs))
  File "E:\Python35\lib\site-packages\django\db\models\sql\query.py", line 1253, in add_q
    clause, _ = self._add_q(q_object, self.used_aliases)
  File "E:\Python35\lib\site-packages\django\db\models\sql\query.py", line 1277, in _add_q
    split_subq=split_subq,
  File "E:\Python35\lib\site-packages\django\db\models\sql\query.py", line 1215, in build_filter
    condition = self.build_lookup(lookups, col, value)
  File "E:\Python35\lib\site-packages\django\db\models\sql\query.py", line 1085, in build_lookup
    lookup = lookup_class(lhs, rhs)
  File "E:\Python35\lib\site-packages\django\db\models\lookups.py", line 18, in __init__
    self.rhs = self.get_prep_lookup()
  File "E:\Python35\lib\site-packages\django\db\models\lookups.py", line 68, in get_prep_lookup
    return self.lhs.output_field.get_prep_value(self.rhs)
  File "E:\Python35\lib\site-packages\django\db\models\fields\__init__.py", line 947, in get_prep_value
    return int(value)
ValueError: invalid literal for int() with base 10: ''
2018-07-02 14:24:14,328 [HttpRunnerManager:78] [views:log_out] [INFO]- yinquanwangÍË³ö
2018-07-02 14:24:16,921 [HttpRunnerManager:45] [views:login] [INFO]- yinquanwang µÇÂ¼³É¹¦
2018-07-02 14:27:17,963 [django.request:118] [exception:handle_uncaught_exception] [ERROR]- Internal Server Error: /api/project_list/1/
Traceback (most recent call last):
  File "E:\Python35\lib\site-packages\django\template\base.py", line 475, in parse
    compile_func = self.tags[command]
KeyError: 'endif'

During handling of the above exception, another exception occurred:

Traceback (most recent call last):
  File "E:\Python35\lib\site-packages\django\core\handlers\exception.py", line 35, in inner
    response = get_response(request)
  File "E:\Python35\lib\site-packages\django\core\handlers\base.py", line 128, in _get_response
    response = self.process_exception_by_middleware(e, request)
  File "E:\Python35\lib\site-packages\django\core\handlers\base.py", line 126, in _get_response
    response = wrapped_callback(request, *callback_args, **callback_kwargs)
  File "D:\HttpRunnerManager\HttpRunnerManager\activator.py", line 15, in process
    result = fun(request, index) if index else fun(request)
  File "D:\HttpRunnerManager\ApiManager\views.py", line 323, in project_list
    return render_to_response('project_list.html', manage_info)
  File "E:\Python35\lib\site-packages\django\shortcuts.py", line 27, in render_to_response
    content = loader.render_to_string(template_name, context, using=using)
  File "E:\Python35\lib\site-packages\django\template\loader.py", line 61, in render_to_string
    template = get_template(template_name, using=using)
  File "E:\Python35\lib\site-packages\django\template\loader.py", line 15, in get_template
    return engine.get_template(template_name)
  File "E:\Python35\lib\site-packages\django\template\backends\django.py", line 34, in get_template
    return Template(self.engine.get_template(template_name), self)
  File "E:\Python35\lib\site-packages\django\template\engine.py", line 144, in get_template
    template, origin = self.find_template(template_name)
  File "E:\Python35\lib\site-packages\django\template\engine.py", line 126, in find_template
    template = loader.get_template(name, skip=skip)
  File "E:\Python35\lib\site-packages\django\template\loaders\base.py", line 30, in get_template
    contents, origin, origin.template_name, self.engine,
  File "E:\Python35\lib\site-packages\django\template\base.py", line 160, in __init__
    self.nodelist = self.compile_nodelist()
  File "E:\Python35\lib\site-packages\django\template\base.py", line 198, in compile_nodelist
    return parser.parse()
  File "E:\Python35\lib\site-packages\django\template\base.py", line 483, in parse
    raise self.error(token, e)
  File "E:\Python35\lib\site-packages\django\template\base.py", line 481, in parse
    compiled_result = compile_func(self, token)
  File "E:\Python35\lib\site-packages\django\template\loader_tags.py", line 290, in do_extends
    nodelist = parser.parse()
  File "E:\Python35\lib\site-packages\django\template\base.py", line 483, in parse
    raise self.error(token, e)
  File "E:\Python35\lib\site-packages\django\template\base.py", line 481, in parse
    compiled_result = compile_func(self, token)
  File "E:\Python35\lib\site-packages\django\template\loader_tags.py", line 233, in do_block
    nodelist = parser.parse(('endblock',))
  File "E:\Python35\lib\site-packages\django\template\base.py", line 477, in parse
    self.invalid_block_tag(token, command, parse_until)
  File "E:\Python35\lib\site-packages\django\template\base.py", line 533, in invalid_block_tag
    get_text_list(["'%s'" % p for p in parse_until], 'or'),
django.template.exceptions.TemplateSyntaxError: Invalid block tag on line 176: 'endif', expected 'endblock'. Did you forget to register or load this tag?
2018-07-02 14:27:44,949 [django.request:118] [exception:handle_uncaught_exception] [ERROR]- Internal Server Error: /api/project_list/1/
Traceback (most recent call last):
  File "E:\Python35\lib\site-packages\django\template\base.py", line 475, in parse
    compile_func = self.tags[command]
KeyError: 'endif'

During handling of the above exception, another exception occurred:

Traceback (most recent call last):
  File "E:\Python35\lib\site-packages\django\core\handlers\exception.py", line 35, in inner
    response = get_response(request)
  File "E:\Python35\lib\site-packages\django\core\handlers\base.py", line 128, in _get_response
    response = self.process_exception_by_middleware(e, request)
  File "E:\Python35\lib\site-packages\django\core\handlers\base.py", line 126, in _get_response
    response = wrapped_callback(request, *callback_args, **callback_kwargs)
  File "D:\HttpRunnerManager\HttpRunnerManager\activator.py", line 15, in process
    result = fun(request, index) if index else fun(request)
  File "D:\HttpRunnerManager\ApiManager\views.py", line 323, in project_list
    return render_to_response('project_list.html', manage_info)
  File "E:\Python35\lib\site-packages\django\shortcuts.py", line 27, in render_to_response
    content = loader.render_to_string(template_name, context, using=using)
  File "E:\Python35\lib\site-packages\django\template\loader.py", line 61, in render_to_string
    template = get_template(template_name, using=using)
  File "E:\Python35\lib\site-packages\django\template\loader.py", line 15, in get_template
    return engine.get_template(template_name)
  File "E:\Python35\lib\site-packages\django\template\backends\django.py", line 34, in get_template
    return Template(self.engine.get_template(template_name), self)
  File "E:\Python35\lib\site-packages\django\template\engine.py", line 144, in get_template
    template, origin = self.find_template(template_name)
  File "E:\Python35\lib\site-packages\django\template\engine.py", line 126, in find_template
    template = loader.get_template(name, skip=skip)
  File "E:\Python35\lib\site-packages\django\template\loaders\base.py", line 30, in get_template
    contents, origin, origin.template_name, self.engine,
  File "E:\Python35\lib\site-packages\django\template\base.py", line 160, in __init__
    self.nodelist = self.compile_nodelist()
  File "E:\Python35\lib\site-packages\django\template\base.py", line 198, in compile_nodelist
    return parser.parse()
  File "E:\Python35\lib\site-packages\django\template\base.py", line 483, in parse
    raise self.error(token, e)
  File "E:\Python35\lib\site-packages\django\template\base.py", line 481, in parse
    compiled_result = compile_func(self, token)
  File "E:\Python35\lib\site-packages\django\template\loader_tags.py", line 290, in do_extends
    nodelist = parser.parse()
  File "E:\Python35\lib\site-packages\django\template\base.py", line 483, in parse
    raise self.error(token, e)
  File "E:\Python35\lib\site-packages\django\template\base.py", line 481, in parse
    compiled_result = compile_func(self, token)
  File "E:\Python35\lib\site-packages\django\template\loader_tags.py", line 233, in do_block
    nodelist = parser.parse(('endblock',))
  File "E:\Python35\lib\site-packages\django\template\base.py", line 477, in parse
    self.invalid_block_tag(token, command, parse_until)
  File "E:\Python35\lib\site-packages\django\template\base.py", line 533, in invalid_block_tag
    get_text_list(["'%s'" % p for p in parse_until], 'or'),
django.template.exceptions.TemplateSyntaxError: Invalid block tag on line 176: 'endif', expected 'endblock'. Did you forget to register or load this tag?
2018-07-02 14:27:47,983 [django.request:118] [exception:handle_uncaught_exception] [ERROR]- Internal Server Error: /api/project_list/1/
Traceback (most recent call last):
  File "E:\Python35\lib\site-packages\django\template\base.py", line 475, in parse
    compile_func = self.tags[command]
KeyError: 'endif'

During handling of the above exception, another exception occurred:

Traceback (most recent call last):
  File "E:\Python35\lib\site-packages\django\core\handlers\exception.py", line 35, in inner
    response = get_response(request)
  File "E:\Python35\lib\site-packages\django\core\handlers\base.py", line 128, in _get_response
    response = self.process_exception_by_middleware(e, request)
  File "E:\Python35\lib\site-packages\django\core\handlers\base.py", line 126, in _get_response
    response = wrapped_callback(request, *callback_args, **callback_kwargs)
  File "D:\HttpRunnerManager\HttpRunnerManager\activator.py", line 15, in process
    result = fun(request, index) if index else fun(request)
  File "D:\HttpRunnerManager\ApiManager\views.py", line 323, in project_list
    return render_to_response('project_list.html', manage_info)
  File "E:\Python35\lib\site-packages\django\shortcuts.py", line 27, in render_to_response
    content = loader.render_to_string(template_name, context, using=using)
  File "E:\Python35\lib\site-packages\django\template\loader.py", line 61, in render_to_string
    template = get_template(template_name, using=using)
  File "E:\Python35\lib\site-packages\django\template\loader.py", line 15, in get_template
    return engine.get_template(template_name)
  File "E:\Python35\lib\site-packages\django\template\backends\django.py", line 34, in get_template
    return Template(self.engine.get_template(template_name), self)
  File "E:\Python35\lib\site-packages\django\template\engine.py", line 144, in get_template
    template, origin = self.find_template(template_name)
  File "E:\Python35\lib\site-packages\django\template\engine.py", line 126, in find_template
    template = loader.get_template(name, skip=skip)
  File "E:\Python35\lib\site-packages\django\template\loaders\base.py", line 30, in get_template
    contents, origin, origin.template_name, self.engine,
  File "E:\Python35\lib\site-packages\django\template\base.py", line 160, in __init__
    self.nodelist = self.compile_nodelist()
  File "E:\Python35\lib\site-packages\django\template\base.py", line 198, in compile_nodelist
    return parser.parse()
  File "E:\Python35\lib\site-packages\django\template\base.py", line 483, in parse
    raise self.error(token, e)
  File "E:\Python35\lib\site-packages\django\template\base.py", line 481, in parse
    compiled_result = compile_func(self, token)
  File "E:\Python35\lib\site-packages\django\template\loader_tags.py", line 290, in do_extends
    nodelist = parser.parse()
  File "E:\Python35\lib\site-packages\django\template\base.py", line 483, in parse
    raise self.error(token, e)
  File "E:\Python35\lib\site-packages\django\template\base.py", line 481, in parse
    compiled_result = compile_func(self, token)
  File "E:\Python35\lib\site-packages\django\template\loader_tags.py", line 233, in do_block
    nodelist = parser.parse(('endblock',))
  File "E:\Python35\lib\site-packages\django\template\base.py", line 477, in parse
    self.invalid_block_tag(token, command, parse_until)
  File "E:\Python35\lib\site-packages\django\template\base.py", line 533, in invalid_block_tag
    get_text_list(["'%s'" % p for p in parse_until], 'or'),
django.template.exceptions.TemplateSyntaxError: Invalid block tag on line 176: 'endif', expected 'endblock'. Did you forget to register or load this tag?
2018-07-02 14:28:16,257 [HttpRunnerManager:78] [views:log_out] [INFO]- yinquanwangÍË³ö
2018-07-02 14:28:18,192 [HttpRunnerManager:45] [views:login] [INFO]- yinquanwang µÇÂ¼³É¹¦
2018-07-02 14:37:16,138 [django.request:118] [exception:handle_uncaught_exception] [ERROR]- Internal Server Error: /api/project_list/1/
Traceback (most recent call last):
  File "E:\Python35\lib\site-packages\django\core\handlers\exception.py", line 35, in inner
    response = get_response(request)
  File "E:\Python35\lib\site-packages\django\core\handlers\base.py", line 128, in _get_response
    response = self.process_exception_by_middleware(e, request)
  File "E:\Python35\lib\site-packages\django\core\handlers\base.py", line 126, in _get_response
    response = wrapped_callback(request, *callback_args, **callback_kwargs)
  File "D:\HttpRunnerManager\HttpRunnerManager\activator.py", line 15, in process
    result = fun(request, index) if index else fun(request)
  File "D:\HttpRunnerManager\ApiManager\views.py", line 311, in project_list
    filter_query = set_filter_session(request)
  File "D:\HttpRunnerManager\ApiManager\utils\common.py", line 442, in set_filter_session
    'belong_project': request.session['project'],
  File "E:\Python35\lib\site-packages\django\contrib\sessions\backends\base.py", line 55, in __getitem__
    return self._session[key]
KeyError: 'project'
2018-07-02 14:37:20,563 [django.request:118] [exception:handle_uncaught_exception] [ERROR]- Internal Server Error: /api/project_list/1/
Traceback (most recent call last):
  File "E:\Python35\lib\site-packages\django\core\handlers\exception.py", line 35, in inner
    response = get_response(request)
  File "E:\Python35\lib\site-packages\django\core\handlers\base.py", line 128, in _get_response
    response = self.process_exception_by_middleware(e, request)
  File "E:\Python35\lib\site-packages\django\core\handlers\base.py", line 126, in _get_response
    response = wrapped_callback(request, *callback_args, **callback_kwargs)
  File "D:\HttpRunnerManager\HttpRunnerManager\activator.py", line 15, in process
    result = fun(request, index) if index else fun(request)
  File "D:\HttpRunnerManager\ApiManager\views.py", line 311, in project_list
    filter_query = set_filter_session(request)
  File "D:\HttpRunnerManager\ApiManager\utils\common.py", line 442, in set_filter_session
    'belong_project': request.session['project'],
  File "E:\Python35\lib\site-packages\django\contrib\sessions\backends\base.py", line 55, in __getitem__
    return self._session[key]
KeyError: 'project'
2018-07-02 14:37:24,899 [HttpRunnerManager:78] [views:log_out] [INFO]- yinquanwangÍË³ö
2018-07-02 14:37:26,773 [HttpRunnerManager:45] [views:login] [INFO]- yinquanwang µÇÂ¼³É¹¦
2018-07-02 14:37:30,837 [django.request:118] [exception:handle_uncaught_exception] [ERROR]- Internal Server Error: /api/add_case/
Traceback (most recent call last):
  File "E:\Python35\lib\site-packages\django\core\handlers\exception.py", line 35, in inner
    response = get_response(request)
  File "E:\Python35\lib\site-packages\django\core\handlers\base.py", line 128, in _get_response
    response = self.process_exception_by_middleware(e, request)
  File "E:\Python35\lib\site-packages\django\core\handlers\base.py", line 126, in _get_response
    response = wrapped_callback(request, *callback_args, **callback_kwargs)
  File "D:\HttpRunnerManager\HttpRunnerManager\activator.py", line 15, in process
    result = fun(request, index) if index else fun(request)
  File "D:\HttpRunnerManager\ApiManager\views.py", line 170, in add_case
    msg = case_info_logic(**testcase_info)
  File "D:\HttpRunnerManager\ApiManager\utils\common.py", line 210, in case_info_logic
    test = kwargs.pop('test')
KeyError: 'test'
2018-07-02 14:37:33,775 [django.request:118] [exception:handle_uncaught_exception] [ERROR]- Internal Server Error: /api/add_case/
Traceback (most recent call last):
  File "E:\Python35\lib\site-packages\django\core\handlers\exception.py", line 35, in inner
    response = get_response(request)
  File "E:\Python35\lib\site-packages\django\core\handlers\base.py", line 128, in _get_response
    response = self.process_exception_by_middleware(e, request)
  File "E:\Python35\lib\site-packages\django\core\handlers\base.py", line 126, in _get_response
    response = wrapped_callback(request, *callback_args, **callback_kwargs)
  File "D:\HttpRunnerManager\HttpRunnerManager\activator.py", line 15, in process
    result = fun(request, index) if index else fun(request)
  File "D:\HttpRunnerManager\ApiManager\views.py", line 170, in add_case
    msg = case_info_logic(**testcase_info)
  File "D:\HttpRunnerManager\ApiManager\utils\common.py", line 210, in case_info_logic
    test = kwargs.pop('test')
KeyError: 'test'
2018-07-02 14:39:25,603 [HttpRunnerManager:78] [views:log_out] [INFO]- yinquanwangÍË³ö
2018-07-02 14:39:27,918 [HttpRunnerManager:45] [views:login] [INFO]- yinquanwang µÇÂ¼³É¹¦
2018-07-02 14:43:42,829 [HttpRunnerManager:78] [views:log_out] [INFO]- yinquanwangÍË³ö
2018-07-02 14:43:44,932 [HttpRunnerManager:45] [views:login] [INFO]- yinquanwang µÇÂ¼³É¹¦
2018-07-02 14:47:52,728 [HttpRunnerManager:78] [views:log_out] [INFO]- yinquanwangÍË³ö
2018-07-02 14:47:54,981 [HttpRunnerManager:45] [views:login] [INFO]- yinquanwang µÇÂ¼³É¹¦
2018-07-02 14:55:50,890 [HttpRunnerManager:78] [views:log_out] [INFO]- yinquanwangÍË³ö
2018-07-02 14:55:53,036 [HttpRunnerManager:45] [views:login] [INFO]- yinquanwang µÇÂ¼³É¹¦
2018-07-02 14:57:17,859 [django.request:118] [exception:handle_uncaught_exception] [ERROR]- Internal Server Error: /api/module_list/1/
Traceback (most recent call last):
  File "E:\Python35\lib\site-packages\django\core\handlers\exception.py", line 35, in inner
    response = get_response(request)
  File "E:\Python35\lib\site-packages\django\core\handlers\base.py", line 128, in _get_response
    response = self.process_exception_by_middleware(e, request)
  File "E:\Python35\lib\site-packages\django\core\handlers\base.py", line 126, in _get_response
    response = wrapped_callback(request, *callback_args, **callback_kwargs)
  File "D:\HttpRunnerManager\HttpRunnerManager\activator.py", line 15, in process
    result = fun(request, index) if index else fun(request)
  File "D:\HttpRunnerManager\ApiManager\views.py", line 345, in module_list
    filter_query = set_filter_session(request)
  File "D:\HttpRunnerManager\ApiManager\utils\common.py", line 433, in set_filter_session
    request.session['module'] = ModuleInfo.objects.get(id=request.POST.get('module')).module_name
  File "E:\Python35\lib\site-packages\django\db\models\manager.py", line 82, in manager_method
    return getattr(self.get_queryset(), name)(*args, **kwargs)
  File "E:\Python35\lib\site-packages\django\db\models\query.py", line 394, in get
    clone = self.filter(*args, **kwargs)
  File "E:\Python35\lib\site-packages\django\db\models\query.py", line 836, in filter
    return self._filter_or_exclude(False, *args, **kwargs)
  File "E:\Python35\lib\site-packages\django\db\models\query.py", line 854, in _filter_or_exclude
    clone.query.add_q(Q(*args, **kwargs))
  File "E:\Python35\lib\site-packages\django\db\models\sql\query.py", line 1253, in add_q
    clause, _ = self._add_q(q_object, self.used_aliases)
  File "E:\Python35\lib\site-packages\django\db\models\sql\query.py", line 1277, in _add_q
    split_subq=split_subq,
  File "E:\Python35\lib\site-packages\django\db\models\sql\query.py", line 1215, in build_filter
    condition = self.build_lookup(lookups, col, value)
  File "E:\Python35\lib\site-packages\django\db\models\sql\query.py", line 1085, in build_lookup
    lookup = lookup_class(lhs, rhs)
  File "E:\Python35\lib\site-packages\django\db\models\lookups.py", line 18, in __init__
    self.rhs = self.get_prep_lookup()
  File "E:\Python35\lib\site-packages\django\db\models\lookups.py", line 68, in get_prep_lookup
    return self.lhs.output_field.get_prep_value(self.rhs)
  File "E:\Python35\lib\site-packages\django\db\models\fields\__init__.py", line 947, in get_prep_value
    return int(value)
ValueError: invalid literal for int() with base 10: 'ÓÃÀı_quant_login_out(µÇÈëµÇ³ö)'
2018-07-02 14:59:50,449 [HttpRunnerManager:78] [views:log_out] [INFO]- yinquanwangÍË³ö
2018-07-02 14:59:52,333 [HttpRunnerManager:45] [views:login] [INFO]- yinquanwang µÇÂ¼³É¹¦
2019-04-16 16:53:30,833 [django.request:93] [base:get_response] [WARNING]- Not Found: /
2019-04-16 17:12:03,107 [HttpRunnerManager:35] [operation:add_register_data] [INFO]- æ–°å¢ç”¨æˆ·ï¼šApiManager.UserInfo.objects
2019-04-16 17:12:07,394 [HttpRunnerManager:60] [views:login] [INFO]- jinjie@shukun.net ç™»å½•å¤±è´¥, è¯·æ£€æŸ¥ç”¨æˆ·åæˆ–è€…å¯†ç 
2019-04-16 17:12:14,889 [HttpRunnerManager:55] [views:login] [INFO]- jinjie ç™»å½•æˆåŠŸ
2019-04-16 17:15:27,733 [HttpRunnerManager:62] [operation:add_project_data] [INFO]- é¡¹ç›®æ·»åŠ æˆåŠŸï¼š{'project_name': 'CTA', 'responsible_name': 'jinjie', 'test_user': 'jinjie', 'dev_user': 'jinjie', 'publish_app': 'web-srv', 'simple_desc': '', 'other_desc': ''}
2019-04-16 17:17:30,999 [django.request:93] [base:get_response] [WARNING]- Not Found: /
2019-04-16 17:17:56,867 [HttpRunnerManager:55] [views:login] [INFO]- jinjie ç™»å½•æˆåŠŸ
2019-04-16 17:32:41,836 [django.request:93] [base:get_response] [WARNING]- Not Found: /api/index/anonymous function
2019-04-16 18:15:19,550 [HttpRunnerManager:110] [operation:add_module_data] [INFO]- æ¨¡å—æ·»åŠ æˆåŠŸï¼š{'module_name': 'account', 'test_user': 'jinjie', 'simple_desc': '', 'other_desc': '', 'belong_project': <ProjectInfo: ProjectInfo object (1)>}
2019-04-16 18:15:39,343 [HttpRunnerManager:110] [operation:add_module_data] [INFO]- æ¨¡å—æ·»åŠ æˆåŠŸï¼š{'module_name': 'case', 'test_user': 'jinjie', 'simple_desc': '', 'other_desc': '', 'belong_project': <ProjectInfo: ProjectInfo object (1)>}
2019-04-16 18:16:50,745 [HttpRunnerManager:110] [operation:add_module_data] [INFO]- æ¨¡å—æ·»åŠ æˆåŠŸï¼š{'module_name': 'feedback', 'test_user': 'jinjie', 'simple_desc': '', 'other_desc': '', 'belong_project': <ProjectInfo: ProjectInfo object (1)>}
2019-04-16 18:18:15,223 [HttpRunnerManager:110] [operation:add_module_data] [INFO]- æ¨¡å—æ·»åŠ æˆåŠŸï¼š{'module_name': 'issue', 'test_user': 'jinjie', 'simple_desc': '', 'other_desc': '', 'belong_project': <ProjectInfo: ProjectInfo object (1)>}
2019-04-16 18:18:37,147 [HttpRunnerManager:110] [operation:add_module_data] [INFO]- æ¨¡å—æ·»åŠ æˆåŠŸï¼š{'module_name': 'meta', 'test_user': 'jinjie', 'simple_desc': '', 'other_desc': '', 'belong_project': <ProjectInfo: ProjectInfo object (1)>}
2019-04-16 18:19:00,007 [HttpRunnerManager:110] [operation:add_module_data] [INFO]- æ¨¡å—æ·»åŠ æˆåŠŸï¼š{'module_name': 'output', 'test_user': 'jinjie', 'simple_desc': '', 'other_desc': '', 'belong_project': <ProjectInfo: ProjectInfo object (1)>}
2019-04-16 18:19:25,500 [HttpRunnerManager:110] [operation:add_module_data] [INFO]- æ¨¡å—æ·»åŠ æˆåŠŸï¼š{'module_name': 'report', 'test_user': 'jinjie', 'simple_desc': '', 'other_desc': '', 'belong_project': <ProjectInfo: ProjectInfo object (1)>}
2019-04-16 18:19:49,316 [HttpRunnerManager:110] [operation:add_module_data] [INFO]- æ¨¡å—æ·»åŠ æˆåŠŸï¼š{'module_name': 'setting', 'test_user': 'jinjie', 'simple_desc': '', 'other_desc': '', 'belong_project': <ProjectInfo: ProjectInfo object (1)>}
2019-04-16 18:21:24,163 [HttpRunnerManager:110] [operation:add_module_data] [INFO]- æ¨¡å—æ·»åŠ æˆåŠŸï¼š{'module_name': 'task', 'test_user': 'jinjie', 'simple_desc': '', 'other_desc': '', 'belong_project': <ProjectInfo: ProjectInfo object (1)>}
2019-04-16 18:22:03,729 [HttpRunnerManager:125] [operation:add_module_data] [INFO]- æ¨¡å—æ›´æ–°æˆåŠŸï¼š{'module_name': 'task', 'test_user': 'jinjie', 'simple_desc': '', 'other_desc': ''}
2019-04-16 18:23:57,270 [HttpRunnerManager:154] [operation:add_case_data] [INFO]- account_loginç”¨ä¾‹æ·»åŠ æˆåŠŸ: {'test': {'request': {'url': '', 'method': 'POST'}, 'name': 'account_login'}}
2019-04-17 09:55:35,496 [HttpRunnerManager:54] [views:login] [INFO]- jinjie ç™»å½•æˆåŠŸ
2019-04-17 14:29:46,096 [HttpRunnerManager:154] [operation:add_case_data] [INFO]- account_loginoutç”¨ä¾‹æ·»åŠ æˆåŠŸ: {'test': {'request': {'url': '', 'method': 'POST'}, 'name': 'account_loginout'}}
2019-04-17 14:30:19,685 [HttpRunnerManager:192] [operation:add_config_data] [INFO]- loginconfigé…ç½®æ·»åŠ æˆåŠŸ: {'config': {'request': {}, 'name': 'loginconfig'}}
2019-04-17 14:33:51,114 [HttpRunnerManager:163] [operation:add_case_data] [INFO]- account_loginç”¨ä¾‹æ›´æ–°æˆåŠŸ: {'test': {'request': {'url': '', 'method': 'POST'}, 'name': 'account_login'}}
2019-04-17 14:49:41,189 [HttpRunnerManager:163] [operation:add_case_data] [INFO]- account_loginç”¨ä¾‹æ›´æ–°æˆåŠŸ: {'test': {'request': {'url': '/api/login', 'method': 'POST', 'json': {'username': 'shukun', 'password': '06a86ffbd63e1366951b2da9af7cbd2640dcc60b848f74eb22585d4ef3fbc0af'}, 'headers': {'Content-Type': 'application/json'}}, 'name': 'account_login'}}
2019-04-17 15:53:37,192 [HttpRunnerManager:163] [operation:add_case_data] [INFO]- account_loginç”¨ä¾‹æ›´æ–°æˆåŠŸ: {'test': {'request': {'url': '/api/login', 'method': 'POST', 'json': {'username': 'shukun', 'password': '06a86ffbd63e1366951b2da9af7cbd2640dcc60b848f74eb22585d4ef3fbc0af'}, 'headers': {'Content-Type': 'application/json'}}, 'name': 'account_login', 'extract': [{'token': 'content.args.token'}, {'user': 'content.args.user'}]}}
2019-04-17 15:54:22,906 [HttpRunnerManager:163] [operation:add_case_data] [INFO]- account_loginç”¨ä¾‹æ›´æ–°æˆåŠŸ: {'test': {'request': {'url': '/api/login', 'method': 'POST', 'json': {'username': 'shukun', 'password': '06a86ffbd63e1366951b2da9af7cbd2640dcc60b848f74eb22585d4ef3fbc0af'}, 'headers': {'Content-Type': 'application/json'}}, 'name': 'account_login', 'extract': [{'token': 'content.args.token'}, {'username': 'content.args.username'}]}}
2019-04-17 15:58:49,833 [HttpRunnerManager:163] [operation:add_case_data] [INFO]- account_loginç”¨ä¾‹æ›´æ–°æˆåŠŸ: {'test': {'request': {'url': '/api/login', 'method': 'POST', 'json': {'username': 'shukun', 'password': '06a86ffbd63e1366951b2da9af7cbd2640dcc60b848f74eb22585d4ef3fbc0af'}, 'headers': {'Content-Type': 'application/json'}}, 'name': 'account_login', 'validate': [{'comparator': 'equals', 'check': '$result', 'expected': True}], 'extract': [{'token': 'content.token'}, {'result': 'content.result'}]}}
2019-04-17 16:02:04,067 [HttpRunnerManager:163] [operation:add_case_data] [INFO]- account_loginç”¨ä¾‹æ›´æ–°æˆåŠŸ: {'test': {'request': {'url': '/api/login', 'method': 'POST', 'json': {'username': 'shukun', 'password': '06a86ffbd63e1366951b2da9af7cbd2640dcc60b848f74eb22585d4ef3fbc0af'}, 'headers': {'Content-Type': 'application/json'}}, 'name': 'account_login', 'validate': [{'comparator': 'equals', 'check': '$result', 'expected': True}, {'comparator': 'equals', 'check': 'status_code', 'expected': 200}], 'extract': [{'token': 'content.token'}, {'result': 'content.result'}]}}
2019-04-17 17:10:28,623 [HttpRunnerManager:154] [operation:add_case_data] [INFO]- change_passwordç”¨ä¾‹æ·»åŠ æˆåŠŸ: {'test': {'request': {'url': '', 'method': 'POST'}, 'name': 'change_password'}}
2019-04-17 17:11:32,571 [HttpRunnerManager:201] [operation:add_config_data] [INFO]- loginconfigé…ç½®æ›´æ–°æˆåŠŸ: {'config': {'request': {}, 'name': 'loginconfig', 'variables': [{'username': 'shukun2018'}, {'pwd': '06a86ffbd63e1366951b2da9af7cbd2640dcc60b848f74eb22585d4ef3fbc0af'}]}}
2019-04-17 17:23:48,411 [HttpRunnerManager:154] [operation:add_case_data] [INFO]- account_changepwdç”¨ä¾‹æ·»åŠ æˆåŠŸ: {'test': {'request': {'url': '/api/account/password', 'method': 'POST', 'json': {'old_password': '$pwd', 'new_password': '$pwd'}, 'headers': {'Content-Type': 'application/json', 'Authorization': '$token'}}, 'name': 'account_changepwd', 'validate': [{'comparator': 'equals', 'check': '$result', 'expected': True}], 'extract': [{'result': 'content.result'}]}}
2019-04-17 17:24:37,078 [HttpRunnerManager:163] [operation:add_case_data] [INFO]- change_passwordç”¨ä¾‹æ›´æ–°æˆåŠŸ: {'test': {'request': {'url': '', 'method': 'POST'}, 'name': 'change_password'}}
2019-04-17 17:26:18,726 [HttpRunnerManager:163] [operation:add_case_data] [INFO]- account_changepwdç”¨ä¾‹æ›´æ–°æˆåŠŸ: {'test': {'request': {'url': '/api/account/password', 'method': 'POST', 'json': {'old_password': '$pwd', 'new_password': '$pwd'}, 'headers': {'Content-Type': 'application/json', 'Authorization': '$token'}}, 'name': 'account_changepwd', 'validate': [{'comparator': 'equals', 'check': '$result', 'expected': True}], 'extract': [{'result': 'content.result'}]}}
2019-04-17 17:30:15,204 [HttpRunnerManager:163] [operation:add_case_data] [INFO]- account_changepwdç”¨ä¾‹æ›´æ–°æˆåŠŸ: {'test': {'request': {'url': '/api/account/password', 'method': 'POST', 'json': {'old_password': '$pwd', 'new_password': '$pwd'}, 'headers': {'Content-Type': 'application/json', 'Authorization': '$token'}}, 'name': 'account_changepwd', 'validate': [{'comparator': 'equals', 'check': '$result', 'expected': True}], 'extract': [{'result': 'content.result'}]}}
2019-04-17 17:31:27,225 [HttpRunnerManager:163] [operation:add_case_data] [INFO]- account_changepwdç”¨ä¾‹æ›´æ–°æˆåŠŸ: {'test': {'request': {'url': '/api/account/password', 'method': 'POST', 'json': {'old_password': '$pwd', 'new_password': '$pwd'}, 'headers': {'Content-Type': 'application/json', 'Authorization': '$token'}}, 'name': 'account_changepwd', 'validate': [{'comparator': 'equals', 'check': '$result', 'expected': True}], 'extract': [{'result': 'content.result'}]}}
2019-04-17 17:33:35,061 [HttpRunnerManager:54] [views:login] [INFO]- jinjie ç™»å½•æˆåŠŸ
2019-04-17 17:42:51,627 [HttpRunnerManager:54] [views:login] [INFO]- jinjie ç™»å½•æˆåŠŸ
2019-04-17 17:44:37,116 [HttpRunnerManager:59] [views:login] [INFO]- injie ç™»å½•å¤±è´¥, è¯·æ£€æŸ¥ç”¨æˆ·åæˆ–è€…å¯†ç 
2019-04-17 17:44:42,484 [HttpRunnerManager:59] [views:login] [INFO]- jinjie ç™»å½•å¤±è´¥, è¯·æ£€æŸ¥ç”¨æˆ·åæˆ–è€…å¯†ç 
2019-04-17 17:44:49,182 [HttpRunnerManager:54] [views:login] [INFO]- jinjie ç™»å½•æˆåŠŸ
2019-04-17 17:44:56,609 [HttpRunnerManager:59] [views:login] [INFO]- jinjie ç™»å½•å¤±è´¥, è¯·æ£€æŸ¥ç”¨æˆ·åæˆ–è€…å¯†ç 
2019-04-17 17:45:22,307 [HttpRunnerManager:59] [views:login] [INFO]- jinjie ç™»å½•å¤±è´¥, è¯·æ£€æŸ¥ç”¨æˆ·åæˆ–è€…å¯†ç 
2019-04-17 17:45:29,368 [HttpRunnerManager:59] [views:login] [INFO]- jinjie ç™»å½•å¤±è´¥, è¯·æ£€æŸ¥ç”¨æˆ·åæˆ–è€…å¯†ç 
2019-04-17 17:45:43,919 [HttpRunnerManager:54] [views:login] [INFO]- jinjie ç™»å½•æˆåŠŸ
2019-04-17 17:51:58,988 [HttpRunnerManager:62] [operation:add_project_data] [INFO]- é¡¹ç›®æ·»åŠ æˆåŠŸï¼š{'project_name': 'Cerebral', 'responsible_name': 'zhangsy', 'test_user': 'zhangsy', 'dev_user': 'zhangsy', 'publish_app': 'Cerebral', 'simple_desc': '', 'other_desc': ''}
2019-04-17 17:52:29,224 [HttpRunnerManager:76] [operation:add_project_data] [INFO]- é¡¹ç›®æ›´æ–°æˆåŠŸï¼š{'project_name': 'Cerebral', 'responsible_name': 'zhangsy', 'test_user': 'zhangsy', 'dev_user': 'zhangsy', 'publish_app': 'api', 'simple_desc': '', 'other_desc': ''}
2019-04-17 17:56:13,948 [HttpRunnerManager:76] [operation:add_project_data] [INFO]- é¡¹ç›®æ›´æ–°æˆåŠŸï¼š{'project_name': 'Cerebral', 'responsible_name': 'zhangsy', 'test_user': 'zhangsy', 'dev_user': 'zhangsy', 'publish_app': 'api', 'simple_desc': '', 'other_desc': ''}
2019-04-17 17:57:20,261 [HttpRunnerManager:76] [operation:add_project_data] [INFO]- é¡¹ç›®æ›´æ–°æˆåŠŸï¼š{'project_name': 'Cerebral', 'responsible_name': 'zhangsy', 'test_user': 'zhangsy', 'dev_user': 'zhangsy', 'publish_app': 'web-srv', 'simple_desc': '', 'other_desc': ''}
2019-04-17 18:09:50,616 [HttpRunnerManager:54] [views:login] [INFO]- jinjie ç™»å½•æˆåŠŸ
2019-04-17 18:18:00,130 [HttpRunnerManager:54] [views:login] [INFO]- jinjie ç™»å½•æˆåŠŸ
2019-04-18 17:21:56,664 [HttpRunnerManager:54] [views:login] [INFO]- jinjie ç™»å½•æˆåŠŸ
2019-04-18 22:22:33,403 [django.request:93] [base:get_response] [WARNING]- Not Found: /
2019-04-18 22:22:55,959 [HttpRunnerManager:59] [views:login] [INFO]- jinjie ç™»å½•å¤±è´¥, è¯·æ£€æŸ¥ç”¨æˆ·åæˆ–è€…å¯†ç 
2019-04-18 22:22:57,572 [HttpRunnerManager:59] [views:login] [INFO]- jinjie ç™»å½•å¤±è´¥, è¯·æ£€æŸ¥ç”¨æˆ·åæˆ–è€…å¯†ç 
2019-04-18 22:23:09,616 [HttpRunnerManager:59] [views:login] [INFO]- jinjie ç™»å½•å¤±è´¥, è¯·æ£€æŸ¥ç”¨æˆ·åæˆ–è€…å¯†ç 
2019-04-18 22:23:26,420 [HttpRunnerManager:59] [views:login] [INFO]- jinjie ç™»å½•å¤±è´¥, è¯·æ£€æŸ¥ç”¨æˆ·åæˆ–è€…å¯†ç 
2019-04-18 22:23:45,007 [HttpRunnerManager:35] [operation:add_register_data] [INFO]- æ–°å¢ç”¨æˆ·ï¼šApiManager.UserInfo.objects
2019-04-18 22:23:46,341 [HttpRunnerManager:54] [views:login] [INFO]- jinjie ç™»å½•æˆåŠŸ
2019-04-23 16:42:59,079 [HttpRunnerManager:54] [views:login] [INFO]- jinjie ç™»å½•æˆåŠŸ
2019-06-18 16:53:31,795 [django.request:93] [base:get_response] [WARNING]- Not Found: /
2019-06-18 16:55:30,542 [HttpRunnerManager:54] [views:login] [INFO]- jinjie ç™»å½•æˆåŠŸ
2019-06-18 17:06:50,536 [HttpRunnerManager:62] [operation:add_project_data] [INFO]- é¡¹ç›®æ·»åŠ æˆåŠŸï¼š{'project_name': 'CTA', 'responsible_name': 'jinjie', 'test_user': 'jinjie', 'dev_user': 'jinjie', 'publish_app': 'medicalbrain-cta-srv', 'simple_desc': '', 'other_desc': ''}
2019-06-18 17:07:04,562 [HttpRunnerManager:110] [operation:add_module_data] [INFO]- æ¨¡å—æ·»åŠ æˆåŠŸï¼š{'module_name': 'account', 'test_user': 'jinjie', 'simple_desc': '', 'other_desc': '', 'belong_project': <ProjectInfo: ProjectInfo object (1)>}
2019-06-18 17:08:25,656 [HttpRunnerManager:154] [operation:add_case_data] [INFO]- account_loginç”¨ä¾‹æ·»åŠ æˆåŠŸ: {'test': {'request': {'url': '/api/login', 'method': 'POST', 'json': {'username': 'shukun', 'password': '06a86ffbd63e1366951b2da9af7cbd2640dcc60b848f74eb22585d4ef3fbc0af'}}, 'name': 'account_login'}}
2019-06-18 17:26:35,291 [django.request:118] [exception:handle_uncaught_exception] [ERROR]- Internal Server Error: /api/run_test/
Traceback (most recent call last):
  File "/Users/jinjie/PycharmProjects/HttpRunnerManager/.venv_3.6/lib/python3.6/site-packages/kombu/utils/__init__.py", line 423, in __call__
    return self.__value__
AttributeError: 'ChannelPromise' object has no attribute '__value__'

During handling of the above exception, another exception occurred:

Traceback (most recent call last):
  File "/Users/jinjie/PycharmProjects/HttpRunnerManager/.venv_3.6/lib/python3.6/site-packages/kombu/connection.py", line 449, in _ensured
    return fun(*args, **kwargs)
  File "/Users/jinjie/PycharmProjects/HttpRunnerManager/.venv_3.6/lib/python3.6/site-packages/kombu/messaging.py", line 177, in _publish
    channel = self.channel
  File "/Users/jinjie/PycharmProjects/HttpRunnerManager/.venv_3.6/lib/python3.6/site-packages/kombu/messaging.py", line 194, in _get_channel
    channel = self._channel = channel()
  File "/Users/jinjie/PycharmProjects/HttpRunnerManager/.venv_3.6/lib/python3.6/site-packages/kombu/utils/__init__.py", line 425, in __call__
    value = self.__value__ = self.__contract__()
  File "/Users/jinjie/PycharmProjects/HttpRunnerManager/.venv_3.6/lib/python3.6/site-packages/kombu/messaging.py", line 209, in <lambda>
    channel = ChannelPromise(lambda: connection.default_channel)
  File "/Users/jinjie/PycharmProjects/HttpRunnerManager/.venv_3.6/lib/python3.6/site-packages/kombu/connection.py", line 771, in default_channel
    self.connection
  File "/Users/jinjie/PycharmProjects/HttpRunnerManager/.venv_3.6/lib/python3.6/site-packages/kombu/connection.py", line 756, in connection
    self._connection = self._establish_connection()
  File "/Users/jinjie/PycharmProjects/HttpRunnerManager/.venv_3.6/lib/python3.6/site-packages/kombu/connection.py", line 711, in _establish_connection
    conn = self.transport.establish_connection()
  File "/Users/jinjie/PycharmProjects/HttpRunnerManager/.venv_3.6/lib/python3.6/site-packages/kombu/transport/pyamqp.py", line 116, in establish_connection
    conn = self.Connection(**opts)
  File "/Users/jinjie/PycharmProjects/HttpRunnerManager/.venv_3.6/lib/python3.6/site-packages/amqp/connection.py", line 165, in __init__
    self.transport = self.Transport(host, connect_timeout, ssl)
  File "/Users/jinjie/PycharmProjects/HttpRunnerManager/.venv_3.6/lib/python3.6/site-packages/amqp/connection.py", line 186, in Transport
    return create_transport(host, connect_timeout, ssl)
  File "/Users/jinjie/PycharmProjects/HttpRunnerManager/.venv_3.6/lib/python3.6/site-packages/amqp/transport.py", line 299, in create_transport
    return TCPTransport(host, connect_timeout)
  File "/Users/jinjie/PycharmProjects/HttpRunnerManager/.venv_3.6/lib/python3.6/site-packages/amqp/transport.py", line 95, in __init__
    raise socket.error(last_err)
OSError: [Errno 61] Connection refused

During handling of the above exception, another exception occurred:

Traceback (most recent call last):
  File "/Users/jinjie/PycharmProjects/HttpRunnerManager/.venv_3.6/lib/python3.6/site-packages/django/core/handlers/exception.py", line 35, in inner
    response = get_response(request)
  File "/Users/jinjie/PycharmProjects/HttpRunnerManager/.venv_3.6/lib/python3.6/site-packages/django/core/handlers/base.py", line 128, in _get_response
    response = self.process_exception_by_middleware(e, request)
  File "/Users/jinjie/PycharmProjects/HttpRunnerManager/.venv_3.6/lib/python3.6/site-packages/django/core/handlers/base.py", line 126, in _get_response
    response = wrapped_callback(request, *callback_args, **callback_kwargs)
  File "/Users/jinjie/PycharmProjects/HttpRunnerManager/HttpRunnerManager/activator.py", line 15, in process
    result = fun(request, index) if index else fun(request)
  File "/Users/jinjie/PycharmProjects/HttpRunnerManager/ApiManager/views.py", line 39, in wrapper
    return func(request, *args, **kwargs)
  File "/Users/jinjie/PycharmProjects/HttpRunnerManager/ApiManager/views.py", line 228, in run_test
    main_hrun.delay(testcase_dir_path, report_name)
  File "/Users/jinjie/PycharmProjects/HttpRunnerManager/.venv_3.6/lib/python3.6/site-packages/celery/app/task.py", line 461, in delay
    return self.apply_async(args, kwargs)
  File "/Users/jinjie/PycharmProjects/HttpRunnerManager/.venv_3.6/lib/python3.6/site-packages/celery/app/task.py", line 573, in apply_async
    **dict(self._get_exec_options(), **options)
  File "/Users/jinjie/PycharmProjects/HttpRunnerManager/.venv_3.6/lib/python3.6/site-packages/celery/app/base.py", line 354, in send_task
    reply_to=reply_to or self.oid, **options
  File "/Users/jinjie/PycharmProjects/HttpRunnerManager/.venv_3.6/lib/python3.6/site-packages/celery/app/amqp.py", line 310, in publish_task
    **kwargs
  File "/Users/jinjie/PycharmProjects/HttpRunnerManager/.venv_3.6/lib/python3.6/site-packages/kombu/messaging.py", line 172, in publish
    routing_key, mandatory, immediate, exchange, declare)
  File "/Users/jinjie/PycharmProjects/HttpRunnerManager/.venv_3.6/lib/python3.6/site-packages/kombu/connection.py", line 470, in _ensured
    interval_max)
  File "/Users/jinjie/PycharmProjects/HttpRunnerManager/.venv_3.6/lib/python3.6/site-packages/kombu/connection.py", line 382, in ensure_connection
    interval_start, interval_step, interval_max, callback)
  File "/Users/jinjie/PycharmProjects/HttpRunnerManager/.venv_3.6/lib/python3.6/site-packages/kombu/utils/__init__.py", line 246, in retry_over_time
    return fun(*args, **kwargs)
  File "/Users/jinjie/PycharmProjects/HttpRunnerManager/.venv_3.6/lib/python3.6/site-packages/kombu/connection.py", line 250, in connect
    return self.connection
  File "/Users/jinjie/PycharmProjects/HttpRunnerManager/.venv_3.6/lib/python3.6/site-packages/kombu/connection.py", line 756, in connection
    self._connection = self._establish_connection()
  File "/Users/jinjie/PycharmProjects/HttpRunnerManager/.venv_3.6/lib/python3.6/site-packages/kombu/connection.py", line 711, in _establish_connection
    conn = self.transport.establish_connection()
  File "/Users/jinjie/PycharmProjects/HttpRunnerManager/.venv_3.6/lib/python3.6/site-packages/kombu/transport/pyamqp.py", line 116, in establish_connection
    conn = self.Connection(**opts)
  File "/Users/jinjie/PycharmProjects/HttpRunnerManager/.venv_3.6/lib/python3.6/site-packages/amqp/connection.py", line 165, in __init__
    self.transport = self.Transport(host, connect_timeout, ssl)
  File "/Users/jinjie/PycharmProjects/HttpRunnerManager/.venv_3.6/lib/python3.6/site-packages/amqp/connection.py", line 186, in Transport
    return create_transport(host, connect_timeout, ssl)
  File "/Users/jinjie/PycharmProjects/HttpRunnerManager/.venv_3.6/lib/python3.6/site-packages/amqp/transport.py", line 299, in create_transport
    return TCPTransport(host, connect_timeout)
  File "/Users/jinjie/PycharmProjects/HttpRunnerManager/.venv_3.6/lib/python3.6/site-packages/amqp/transport.py", line 95, in __init__
    raise socket.error(last_err)
OSError: [Errno 61] Connection refused
2019-06-18 18:21:42,706 [django.request:118] [exception:handle_uncaught_exception] [ERROR]- Internal Server Error: /api/run_test/
Traceback (most recent call last):
FileNotFoundError: [Errno 2] No such file or directory: '/Users/jinjie/PycharmProjects/HttpRunnerManager/ApiManager/utils/runner.yaml'
2019-06-18 18:24:39,936 [django.request:118] [exception:handle_uncaught_exception] [ERROR]- Internal Server Error: /api/run_test/
Traceback (most recent call last):
FileNotFoundError: [Errno 2] No such file or directory: '/Users/jinjie/PycharmProjects/HttpRunnerManager/ApiManager/utils/runner.yaml'
2019-06-18 18:25:50,735 [django.request:118] [exception:handle_uncaught_exception] [ERROR]- Internal Server Error: /api/run_test/
Traceback (most recent call last):
AttributeError: 'list' object has no attribute 'split'
2019-06-18 18:29:34,379 [django.request:118] [exception:handle_uncaught_exception] [ERROR]- Internal Server Error: /api/run_test/
Traceback (most recent call last):
AttributeError: 'list' object has no attribute 'encode'
2019-06-19 10:31:12,040 [HttpRunnerManager:55] [views:login] [INFO]- jinjie ç™»å½•æˆåŠŸ
2019-06-20 10:13:30,791 [HttpRunnerManager:55] [views:login] [INFO]- jinjie ç™»å½•æˆåŠŸ
2019-07-01 19:15:11,643 [django.request:93] [base:get_response] [WARNING]- Not Found: /
2019-07-01 19:15:30,119 [django.request:93] [base:get_response] [WARNING]- Not Found: /login
2019-07-01 19:15:48,082 [HttpRunnerManager:55] [views:login] [INFO]- jinjie ç™»å½•æˆåŠŸ
2019-07-01 19:15:48,291 [django.request:93] [base:get_response] [WARNING]- Not Found: /api/index/% static 'assets/css/amazeui.min.js
2019-07-01 19:15:48,354 [django.request:93] [base:get_response] [WARNING]- Not Found: /api/index/% static 'assets/css/amazeui.min.js
2019-07-01 19:18:30,051 [django.request:93] [base:get_response] [WARNING]- Not Found: /api/index/{% static 'assets/css/amazeui.min.js}
2019-07-01 19:18:30,142 [django.request:93] [base:get_response] [WARNING]- Not Found: /api/index/{% static 'assets/css/amazeui.min.js}
2019-07-01 19:19:38,002 [django.request:93] [base:get_response] [WARNING]- Not Found: /api/index/{% static 'assets/css/amazeui.min.css}
2019-07-01 19:19:38,071 [django.request:93] [base:get_response] [WARNING]- Not Found: /api/index/{% static 'assets/css/amazeui.min.css}
2019-07-01 19:19:43,671 [django.request:93] [base:get_response] [WARNING]- Not Found: /api/index/{% static 'assets/css/amazeui.min.css}
2019-07-01 19:19:43,720 [django.request:93] [base:get_response] [WARNING]- Not Found: /api/index/{% static 'assets/css/amazeui.min.css}
2019-07-01 19:19:45,322 [django.request:93] [base:get_response] [WARNING]- Not Found: /api/index/{% static 'assets/css/amazeui.min.css}
2019-07-01 19:19:45,352 [django.request:93] [base:get_response] [WARNING]- Not Found: /api/index/{% static 'assets/css/amazeui.min.css}
2019-07-01 19:19:48,129 [django.request:93] [base:get_response] [WARNING]- Not Found: /api/index/{% static 'assets/css/amazeui.min.css}
2019-07-01 19:19:48,166 [django.request:93] [base:get_response] [WARNING]- Not Found: /api/index/{% static 'assets/css/amazeui.min.css}
2019-07-01 19:24:39,772 [django.request:93] [base:get_response] [WARNING]- Not Found: /api/index/{% static 'assets/css/amazeui.min.css}
2019-07-01 19:24:39,848 [django.request:93] [base:get_response] [WARNING]- Not Found: /api/index/{% static 'assets/css/amazeui.min.css}
2019-07-01 19:24:45,346 [django.request:93] [base:get_response] [WARNING]- Not Found: /api/index/{% static 'assets/css/amazeui.min.css}
2019-07-01 19:24:45,392 [django.request:93] [base:get_response] [WARNING]- Not Found: /api/index/{% static 'assets/css/amazeui.min.css}
2019-07-01 19:27:00,162 [django.request:93] [base:get_response] [WARNING]- Not Found: /api/index/{% static 'assets/css/admin.css' }
2019-07-01 19:27:00,165 [django.request:93] [base:get_response] [WARNING]- Not Found: /api/index/{% static 'assets/css/amazeui.min.css}
2019-07-01 19:27:00,210 [django.request:93] [base:get_response] [WARNING]- Not Found: /api/index/{% static 'assets/css/admin.css' }
2019-07-01 19:27:00,213 [django.request:93] [base:get_response] [WARNING]- Not Found: /api/index/{% static 'assets/css/amazeui.min.css}
2019-07-01 19:27:04,101 [django.request:93] [base:get_response] [WARNING]- Not Found: /api/index/{% static 'assets/css/admin.css' }
2019-07-01 19:27:04,104 [django.request:93] [base:get_response] [WARNING]- Not Found: /api/index/{% static 'assets/css/amazeui.min.css}
2019-07-01 19:27:04,142 [django.request:93] [base:get_response] [WARNING]- Not Found: /api/index/{% static 'assets/css/amazeui.min.css}
2019-07-01 19:27:04,144 [django.request:93] [base:get_response] [WARNING]- Not Found: /api/index/{% static 'assets/css/admin.css' }
2019-07-01 19:27:08,612 [django.request:93] [base:get_response] [WARNING]- Not Found: /api/index/{% static 'assets/css/admin.css' }
2019-07-01 19:27:08,617 [django.request:93] [base:get_response] [WARNING]- Not Found: /api/index/{% static 'assets/css/amazeui.min.css}
2019-07-01 19:27:08,656 [django.request:93] [base:get_response] [WARNING]- Not Found: /api/index/{% static 'assets/css/admin.css' }
2019-07-01 19:27:08,658 [django.request:93] [base:get_response] [WARNING]- Not Found: /api/index/{% static 'assets/css/amazeui.min.css}
2019-07-01 19:28:20,342 [django.request:93] [base:get_response] [WARNING]- Not Found: /api/index/{% static 'assets/css/admin.css' }
2019-07-01 19:28:20,345 [django.request:93] [base:get_response] [WARNING]- Not Found: /api/index/{% static 'assets/css/amazeui.min.css'}
2019-07-01 19:28:20,389 [django.request:93] [base:get_response] [WARNING]- Not Found: /api/index/{% static 'assets/css/admin.css' }
2019-07-01 19:28:20,392 [django.request:93] [base:get_response] [WARNING]- Not Found: /api/index/{% static 'assets/css/amazeui.min.css'}
2019-07-01 19:28:22,577 [django.request:93] [base:get_response] [WARNING]- Not Found: /api/index/{% static 'assets/css/amazeui.min.css'}
2019-07-01 19:28:22,581 [django.request:93] [base:get_response] [WARNING]- Not Found: /api/index/{% static 'assets/css/admin.css' }
2019-07-01 19:28:22,609 [django.request:93] [base:get_response] [WARNING]- Not Found: /api/index/{% static 'assets/css/admin.css' }
2019-07-01 19:28:22,612 [django.request:93] [base:get_response] [WARNING]- Not Found: /api/index/{% static 'assets/css/amazeui.min.css'}
2019-07-01 19:28:25,711 [django.request:93] [base:get_response] [WARNING]- Not Found: /api/index/{% static 'assets/css/admin.css' }
2019-07-01 19:33:47,961 [HttpRunnerManager:55] [views:login] [INFO]- jinjie ç™»å½•æˆåŠŸ
2019-07-01 19:33:48,132 [django.request:93] [base:get_response] [WARNING]- Not Found: /api/index/{% static 'assets/css/admin.css' }
2019-07-01 19:33:48,210 [django.request:93] [base:get_response] [WARNING]- Not Found: /api/index/{% static 'assets/css/admin.css' }
2019-07-08 11:42:57,964 [django.request:93] [base:get_response] [WARNING]- Not Found: /
2019-07-08 11:43:05,460 [HttpRunnerManager:55] [views:login] [INFO]- jinjie ç™»å½•æˆåŠŸ
2019-07-10 16:57:45,441 [django.request:93] [base:get_response] [WARNING]- Not Found: /
2019-07-10 16:58:13,422 [HttpRunnerManager:55] [views:login] [INFO]- jinjie ç™»å½•æˆåŠŸ
